#
# A fatal error has been detected by the Java Runtime Environment:
#
#  Internal Error (classFileParser.cpp:3494), pid=5844, tid=140079368562432
#  Error: ShouldNotReachHere()
#
# JRE version: 6.0_45-b06
# Java VM: Java HotSpot(TM) 64-Bit Server VM (20.45-b01 mixed mode linux-amd64 compressed oops)
# If you would like to submit a bug report, please visit:
#   http://java.sun.com/webapps/bugreport/crash.jsp
#

---------------  T H R E A D  ---------------

Current thread (0x00007f66c0007800):  JavaThread "Unknown thread" [_thread_in_vm, id=5845, stack(0x00007f66c4f0e000,0x00007f66c500f000)]

Stack: [0x00007f66c4f0e000,0x00007f66c500f000],  sp=0x00007f66c500d180,  free space=1020k
Native frames: (J=compiled Java code, j=interpreted, Vv=VM code, C=native code)
V  [libjvm.so+0x861e05]  VMError::report_and_die()+0x265
V  [libjvm.so+0x3e5ed6]  report_should_not_reach_here(char const*, int)+0x46
V  [libjvm.so+0x36f26b]  ClassFileParser::parseClassFile(symbolHandle, Handle, Handle, KlassHandle, GrowableArray<Handle>*, symbolHandle&, bool, Thread*)+0x2b8b
V  [libjvm.so+0x3756ff]  ClassLoader::load_classfile(symbolHandle, Thread*)+0x22f
V  [libjvm.so+0x7eebff]  SystemDictionary::load_instance_class(symbolHandle, Handle, Thread*)+0xef
V  [libjvm.so+0x7ecbe5]  SystemDictionary::resolve_instance_class_or_null(symbolHandle, Handle, Handle, Thread*)+0x575
V  [libjvm.so+0x7eb971]  SystemDictionary::resolve_or_null(symbolHandle, Handle, Handle, Thread*)+0x81
V  [libjvm.so+0x7eb584]  SystemDictionary::resolve_or_fail(symbolHandle, Handle, Handle, bool, Thread*)+0x34
V  [libjvm.so+0x7f0400]  SystemDictionary::initialize_wk_klass(SystemDictionary::WKID, int, Thread*)+0x70
V  [libjvm.so+0x7f0495]  SystemDictionary::initialize_wk_klasses_until(SystemDictionary::WKID, SystemDictionary::WKID&, Thread*)+0x45
V  [libjvm.so+0x7f0575]  SystemDictionary::initialize_preloaded_classes(Thread*)+0x75
V  [libjvm.so+0x7f0328]  SystemDictionary::initialize(Thread*)+0xd8
V  [libjvm.so+0x837cf8]  Universe::genesis(Thread*)+0x598
V  [libjvm.so+0x839c29]  universe2_init()+0x29
V  [libjvm.so+0x4ae42c]  init_globals()+0x8c
V  [libjvm.so+0x820014]  Threads::create_vm(JavaVMInitArgs*, bool*)+0x214
V  [libjvm.so+0x51c800]  JNI_CreateJavaVM+0x80


---------------  P R O C E S S  ---------------

Java Threads: ( => current thread )

Other Threads:

=>0x00007f66c0007800 (exited) JavaThread "Unknown thread" [_thread_in_vm, id=5845, stack(0x00007f66c4f0e000,0x00007f66c500f000)]

VM state:not at safepoint (not fully initialized)

VM Mutex/Monitor currently owned by a thread: None

Dynamic libraries:
40000000-40009000 r-xp 00000000 08:01 1968055                            /usr/lib/jvm/java-6-oracle/bin/java
40108000-4010a000 rwxp 00008000 08:01 1968055                            /usr/lib/jvm/java-6-oracle/bin/java
40e05000-40e26000 rwxp 00000000 00:00 0                                  [heap]
77e200000-77f6c0000 rwxp 00000000 00:00 0 
77f6c0000-783400000 rwxp 00000000 00:00 0 
783400000-788720000 rwxp 00000000 00:00 0 
788720000-7d66b0000 rwxp 00000000 00:00 0 
7d66b0000-7d9040000 rwxp 00000000 00:00 0 
7d9040000-800000000 rwxp 00000000 00:00 0 
7f66a8000000-7f66a8021000 rwxp 00000000 00:00 0 
7f66a8021000-7f66ac000000 ---p 00000000 00:00 0 
7f66b0000000-7f66b0021000 rwxp 00000000 00:00 0 
7f66b0021000-7f66b4000000 ---p 00000000 00:00 0 
7f66b4000000-7f66b4021000 rwxp 00000000 00:00 0 
7f66b4021000-7f66b8000000 ---p 00000000 00:00 0 
7f66b8000000-7f66b8021000 rwxp 00000000 00:00 0 
7f66b8021000-7f66bc000000 ---p 00000000 00:00 0 
7f66bc57b000-7f66bc653000 r-xs 0137c000 08:01 17434907                   /home/jokata/Programs/adt-bundle-linux-x86_64-20140624/sdk/platforms/android-20/android.jar
7f66bc653000-7f66bc654000 ---p 00000000 00:00 0 
7f66bc654000-7f66bc754000 rwxp 00000000 00:00 0                          [stack:5849]
7f66bc754000-7f66bc755000 ---p 00000000 00:00 0 
7f66bc755000-7f66bc855000 rwxp 00000000 00:00 0                          [stack:5848]
7f66bc855000-7f66bc856000 ---p 00000000 00:00 0 
7f66bc856000-7f66bc980000 rwxp 00000000 00:00 0                          [stack:5847]
7f66bc980000-7f66bcbf0000 rwxp 00000000 00:00 0 
7f66bcbf0000-7f66bcbfb000 rwxp 00000000 00:00 0 
7f66bcbfb000-7f66bcc19000 rwxp 00000000 00:00 0 
7f66bcc19000-7f66bcc43000 rwxp 00000000 00:00 0 
7f66bcc43000-7f66bceb2000 rwxp 00000000 00:00 0 
7f66bceb2000-7f66bcec8000 rwxp 00000000 00:00 0 
7f66bcec8000-7f66bcfff000 rwxp 00000000 00:00 0 
7f66bcfff000-7f66bd270000 rwxp 00000000 00:00 0 
7f66bd270000-7f66c0083000 rwxp 00000000 00:00 0 
7f66c0083000-7f66c4000000 ---p 00000000 00:00 0 
7f66c4026000-7f66c404e000 rwxp 00000000 00:00 0 
7f66c404e000-7f66c404f000 ---p 00000000 00:00 0 
7f66c404f000-7f66c415a000 rwxp 00000000 00:00 0                          [stack:5846]
7f66c415a000-7f66c4178000 rwxp 00000000 00:00 0 
7f66c4178000-7f66c4186000 r-xp 00000000 08:01 1450519                    /usr/lib/jvm/java-6-oracle/jre/lib/amd64/libzip.so
7f66c4186000-7f66c4288000 ---p 0000e000 08:01 1450519                    /usr/lib/jvm/java-6-oracle/jre/lib/amd64/libzip.so
7f66c4288000-7f66c428b000 rwxp 00010000 08:01 1450519                    /usr/lib/jvm/java-6-oracle/jre/lib/amd64/libzip.so
7f66c428b000-7f66c428c000 rwxp 00000000 00:00 0 
7f66c428c000-7f66c4297000 r-xp 00000000 08:01 1839039                    /lib/x86_64-linux-gnu/libnss_files-2.19.so
7f66c4297000-7f66c4496000 ---p 0000b000 08:01 1839039                    /lib/x86_64-linux-gnu/libnss_files-2.19.so
7f66c4496000-7f66c4497000 r-xp 0000a000 08:01 1839039                    /lib/x86_64-linux-gnu/libnss_files-2.19.so
7f66c4497000-7f66c4498000 rwxp 0000b000 08:01 1839039                    /lib/x86_64-linux-gnu/libnss_files-2.19.so
7f66c4498000-7f66c44a3000 r-xp 00000000 08:01 1839049                    /lib/x86_64-linux-gnu/libnss_nis-2.19.so
7f66c44a3000-7f66c46a2000 ---p 0000b000 08:01 1839049                    /lib/x86_64-linux-gnu/libnss_nis-2.19.so
7f66c46a2000-7f66c46a3000 r-xp 0000a000 08:01 1839049                    /lib/x86_64-linux-gnu/libnss_nis-2.19.so
7f66c46a3000-7f66c46a4000 rwxp 0000b000 08:01 1839049                    /lib/x86_64-linux-gnu/libnss_nis-2.19.so
7f66c46a4000-7f66c46ad000 r-xp 00000000 08:01 1839035                    /lib/x86_64-linux-gnu/libnss_compat-2.19.so
7f66c46ad000-7f66c48ac000 ---p 00009000 08:01 1839035                    /lib/x86_64-linux-gnu/libnss_compat-2.19.so
7f66c48ac000-7f66c48ad000 r-xp 00008000 08:01 1839035                    /lib/x86_64-linux-gnu/libnss_compat-2.19.so
7f66c48ad000-7f66c48ae000 rwxp 00009000 08:01 1839035                    /lib/x86_64-linux-gnu/libnss_compat-2.19.so
7f66c48ae000-7f66c48c5000 r-xp 00000000 08:01 1839033                    /lib/x86_64-linux-gnu/libnsl-2.19.so
7f66c48c5000-7f66c4ac4000 ---p 00017000 08:01 1839033                    /lib/x86_64-linux-gnu/libnsl-2.19.so
7f66c4ac4000-7f66c4ac5000 r-xp 00016000 08:01 1839033                    /lib/x86_64-linux-gnu/libnsl-2.19.so
7f66c4ac5000-7f66c4ac6000 rwxp 00017000 08:01 1839033                    /lib/x86_64-linux-gnu/libnsl-2.19.so
7f66c4ac6000-7f66c4ac8000 rwxp 00000000 00:00 0 
7f66c4ac8000-7f66c4af1000 r-xp 00000000 08:01 1450470                    /usr/lib/jvm/java-6-oracle/jre/lib/amd64/libjava.so
7f66c4af1000-7f66c4bf0000 ---p 00029000 08:01 1450470                    /usr/lib/jvm/java-6-oracle/jre/lib/amd64/libjava.so
7f66c4bf0000-7f66c4bf7000 rwxp 00028000 08:01 1450470                    /usr/lib/jvm/java-6-oracle/jre/lib/amd64/libjava.so
7f66c4bf7000-7f66c4c04000 r-xp 00000000 08:01 1452222                    /usr/lib/jvm/java-6-oracle/jre/lib/amd64/libverify.so
7f66c4c04000-7f66c4d03000 ---p 0000d000 08:01 1452222                    /usr/lib/jvm/java-6-oracle/jre/lib/amd64/libverify.so
7f66c4d03000-7f66c4d06000 rwxp 0000c000 08:01 1452222                    /usr/lib/jvm/java-6-oracle/jre/lib/amd64/libverify.so
7f66c4d06000-7f66c4d0d000 r-xp 00000000 08:01 1839092                    /lib/x86_64-linux-gnu/librt-2.19.so
7f66c4d0d000-7f66c4f0c000 ---p 00007000 08:01 1839092                    /lib/x86_64-linux-gnu/librt-2.19.so
7f66c4f0c000-7f66c4f0d000 r-xp 00006000 08:01 1839092                    /lib/x86_64-linux-gnu/librt-2.19.so
7f66c4f0d000-7f66c4f0e000 rwxp 00007000 08:01 1839092                    /lib/x86_64-linux-gnu/librt-2.19.so
7f66c4f0e000-7f66c4f11000 ---p 00000000 00:00 0 
7f66c4f11000-7f66c500f000 rwxp 00000000 00:00 0                          [stack:5845]
7f66c500f000-7f66c5114000 r-xp 00000000 08:01 1839014                    /lib/x86_64-linux-gnu/libm-2.19.so
7f66c5114000-7f66c5313000 ---p 00105000 08:01 1839014                    /lib/x86_64-linux-gnu/libm-2.19.so
7f66c5313000-7f66c5314000 r-xp 00104000 08:01 1839014                    /lib/x86_64-linux-gnu/libm-2.19.so
7f66c5314000-7f66c5315000 rwxp 00105000 08:01 1839014                    /lib/x86_64-linux-gnu/libm-2.19.so
7f66c5315000-7f66c5c33000 r-xp 00000000 08:01 1451032                    /usr/lib/jvm/java-6-oracle/jre/lib/amd64/server/libjvm.so
7f66c5c33000-7f66c5d35000 ---p 0091e000 08:01 1451032                    /usr/lib/jvm/java-6-oracle/jre/lib/amd64/server/libjvm.so
7f66c5d35000-7f66c5eeb000 rwxp 00920000 08:01 1451032                    /usr/lib/jvm/java-6-oracle/jre/lib/amd64/server/libjvm.so
7f66c5eeb000-7f66c5f25000 rwxp 00000000 00:00 0 
7f66c5f25000-7f66c60e1000 r-xp 00000000 08:01 1838964                    /lib/x86_64-linux-gnu/libc-2.19.so
7f66c60e1000-7f66c62e0000 ---p 001bc000 08:01 1838964                    /lib/x86_64-linux-gnu/libc-2.19.so
7f66c62e0000-7f66c62e4000 r-xp 001bb000 08:01 1838964                    /lib/x86_64-linux-gnu/libc-2.19.so
7f66c62e4000-7f66c62e6000 rwxp 001bf000 08:01 1838964                    /lib/x86_64-linux-gnu/libc-2.19.so
7f66c62e6000-7f66c62eb000 rwxp 00000000 00:00 0 
7f66c62eb000-7f66c62ee000 r-xp 00000000 08:01 1838981                    /lib/x86_64-linux-gnu/libdl-2.19.so
7f66c62ee000-7f66c64ed000 ---p 00003000 08:01 1838981                    /lib/x86_64-linux-gnu/libdl-2.19.so
7f66c64ed000-7f66c64ee000 r-xp 00002000 08:01 1838981                    /lib/x86_64-linux-gnu/libdl-2.19.so
7f66c64ee000-7f66c64ef000 rwxp 00003000 08:01 1838981                    /lib/x86_64-linux-gnu/libdl-2.19.so
7f66c64ef000-7f66c6508000 r-xp 00000000 08:01 1839084                    /lib/x86_64-linux-gnu/libpthread-2.19.so
7f66c6508000-7f66c6707000 ---p 00019000 08:01 1839084                    /lib/x86_64-linux-gnu/libpthread-2.19.so
7f66c6707000-7f66c6708000 r-xp 00018000 08:01 1839084                    /lib/x86_64-linux-gnu/libpthread-2.19.so
7f66c6708000-7f66c6709000 rwxp 00019000 08:01 1839084                    /lib/x86_64-linux-gnu/libpthread-2.19.so
7f66c6709000-7f66c670d000 rwxp 00000000 00:00 0 
7f66c670d000-7f66c6730000 r-xp 00000000 08:01 1838940                    /lib/x86_64-linux-gnu/ld-2.19.so
7f66c6744000-7f66c674e000 rwxp 00000000 00:00 0 
7f66c674e000-7f66c6804000 rwxp 00000000 00:00 0 
7f66c6804000-7f66c6807000 rwxp 00000000 00:00 0 
7f66c6807000-7f66c680e000 r-xp 00000000 08:01 1450091                    /usr/lib/jvm/java-6-oracle/jre/lib/amd64/jli/libjli.so
7f66c680e000-7f66c690f000 ---p 00007000 08:01 1450091                    /usr/lib/jvm/java-6-oracle/jre/lib/amd64/jli/libjli.so
7f66c690f000-7f66c6911000 rwxp 00008000 08:01 1450091                    /usr/lib/jvm/java-6-oracle/jre/lib/amd64/jli/libjli.so
7f66c6911000-7f66c6912000 rwxp 00000000 00:00 0 
7f66c6923000-7f66c692b000 rwxs 00000000 08:01 9177366                    /tmp/hsperfdata_jokata/5844
7f66c692b000-7f66c692c000 rwxp 00000000 00:00 0 
7f66c692c000-7f66c692d000 r-xp 00000000 00:00 0 
7f66c692d000-7f66c692f000 rwxp 00000000 00:00 0 
7f66c692f000-7f66c6930000 r-xp 00022000 08:01 1838940                    /lib/x86_64-linux-gnu/ld-2.19.so
7f66c6930000-7f66c6931000 rwxp 00023000 08:01 1838940                    /lib/x86_64-linux-gnu/ld-2.19.so
7f66c6931000-7f66c6932000 rwxp 00000000 00:00 0 
7fff16a86000-7fff16aa7000 rwxp 00000000 00:00 0                          [stack]
7fff16b88000-7fff16b8a000 r-xp 00000000 00:00 0                          [vdso]
ffffffffff600000-ffffffffff601000 r-xp 00000000 00:00 0                  [vsyscall]

VM Arguments:
jvm_args: -Dfile.encoding=UTF-8 -Xbootclasspath:/home/jokata/Programs/adt-bundle-linux-x86_64-20140624/sdk/platforms/android-20/android.jar 
java_command: com.eftimoff.bulgaria.utils.DistanceUtils
Launcher Type: SUN_STANDARD

Environment Variables:
JAVA_HOME=/usr/lib/jvm/java-6-oracle
PATH=/usr/local/sbin:/usr/local/bin:/usr/sbin:/usr/bin:/sbin:/bin:/usr/games:/usr/local/games:/usr/lib/jvm/java-6-oracle/bin:/usr/lib/jvm/java-6-oracle/db/bin:/usr/lib/jvm/java-6-oracle/jre/bin
LD_LIBRARY_PATH=/usr/lib/jvm/java-6-oracle/jre/lib/amd64/server:/usr/lib/jvm/java-6-oracle/jre/lib/amd64:/usr/lib/jvm/java-6-oracle/jre/../lib/amd64
SHELL=/bin/bash
DISPLAY=:0.0

Signal Handlers:
SIGSEGV: [libjvm.so+0x862a30], sa_mask[0]=0x7ffbfeff, sa_flags=0x10000004
SIGBUS: [libjvm.so+0x862a30], sa_mask[0]=0x7ffbfeff, sa_flags=0x10000004
SIGFPE: [libjvm.so+0x7106f0], sa_mask[0]=0x7ffbfeff, sa_flags=0x10000004
SIGPIPE: [libjvm.so+0x7106f0], sa_mask[0]=0x7ffbfeff, sa_flags=0x10000004
SIGXFSZ: [libjvm.so+0x7106f0], sa_mask[0]=0x7ffbfeff, sa_flags=0x10000004
SIGILL: [libjvm.so+0x7106f0], sa_mask[0]=0x7ffbfeff, sa_flags=0x10000004
SIGUSR1: SIG_DFL, sa_mask[0]=0x00000000, sa_flags=0x00000000
SIGUSR2: [libjvm.so+0x713520], sa_mask[0]=0x00000004, sa_flags=0x10000004
SIGHUP: SIG_DFL, sa_mask[0]=0x00000000, sa_flags=0x00000000
SIGINT: SIG_DFL, sa_mask[0]=0x00000000, sa_flags=0x00000000
SIGTERM: SIG_DFL, sa_mask[0]=0x00000000, sa_flags=0x00000000
SIGQUIT: SIG_DFL, sa_mask[0]=0x00000000, sa_flags=0x00000000


---------------  S Y S T E M  ---------------

OS:jessie/sid

uname:Linux 3.13.0-30-generic #54-Ubuntu SMP Mon Jun 9 22:45:01 UTC 2014 x86_64
libc:glibc 2.19 NPTL 2.19 
rlimit: STACK 8192k, CORE 0k, NPROC 63666, NOFILE 4096, AS infinity
load average:1.37 1.18 0.93

/proc/meminfo:
MemTotal:        8170868 kB
MemFree:         2749856 kB
Buffers:          123652 kB
Cached:          1825460 kB
SwapCached:            0 kB
Active:          3200320 kB
Inactive:        1334156 kB
Active(anon):    2587656 kB
Inactive(anon):    53208 kB
Active(file):     612664 kB
Inactive(file):  1280948 kB
Unevictable:         140 kB
Mlocked:             140 kB
SwapTotal:       8381436 kB
SwapFree:        8381436 kB
Dirty:               292 kB
Writeback:             0 kB
AnonPages:       2585836 kB
Mapped:           916200 kB
Shmem:             55176 kB
Slab:             125516 kB
SReclaimable:      85044 kB
SUnreclaim:        40472 kB
KernelStack:        5360 kB
PageTables:        47204 kB
NFS_Unstable:          0 kB
Bounce:                0 kB
WritebackTmp:          0 kB
CommitLimit:    12466868 kB
Committed_AS:    7498140 kB
VmallocTotal:   34359738367 kB
VmallocUsed:      304536 kB
VmallocChunk:   34359390588 kB
HardwareCorrupted:     0 kB
AnonHugePages:   1312768 kB
HugePages_Total:       0
HugePages_Free:        0
HugePages_Rsvd:        0
HugePages_Surp:        0
Hugepagesize:       2048 kB
DirectMap4k:       73876 kB
DirectMap2M:     4114432 kB
DirectMap1G:     6291456 kB


CPU:total 4 (4 cores per cpu, 1 threads per core) family 18 model 1 stepping 0, cmov, cx8, fxsr, mmx, sse, sse2, sse3, popcnt, mmxext, 3dnowpref, lzcnt, sse4a

/proc/cpuinfo:
processor	: 0
vendor_id	: AuthenticAMD
cpu family	: 18
model		: 1
model name	: AMD Athlon(tm) II X4 631 Quad-Core Processor
stepping	: 0
microcode	: 0x3000014
cpu MHz		: 1300.000
cache size	: 1024 KB
physical id	: 0
siblings	: 4
core id		: 0
cpu cores	: 4
apicid		: 0
initial apicid	: 0
fpu		: yes
fpu_exception	: yes
cpuid level	: 6
wp		: yes
flags		: fpu vme de pse tsc msr pae mce cx8 apic sep mtrr pge mca cmov pat pse36 clflush mmx fxsr sse sse2 ht syscall nx mmxext fxsr_opt pdpe1gb rdtscp lm 3dnowext 3dnow constant_tsc rep_good nopl nonstop_tsc extd_apicid aperfmperf pni monitor cx16 popcnt lahf_lm cmp_legacy svm extapic cr8_legacy abm sse4a misalignsse 3dnowprefetch osvw ibs skinit wdt arat hw_pstate npt lbrv svm_lock nrip_save pausefilter
bogomips	: 5191.00
TLB size	: 1536 4K pages
clflush size	: 64
cache_alignment	: 64
address sizes	: 40 bits physical, 48 bits virtual
power management: ts ttp tm stc 100mhzsteps hwpstate

processor	: 1
vendor_id	: AuthenticAMD
cpu family	: 18
model		: 1
model name	: AMD Athlon(tm) II X4 631 Quad-Core Processor
stepping	: 0
microcode	: 0x3000014
cpu MHz		: 2600.000
cache size	: 1024 KB
physical id	: 0
siblings	: 4
core id		: 1
cpu cores	: 4
apicid		: 1
initial apicid	: 1
fpu		: yes
fpu_exception	: yes
cpuid level	: 6
wp		: yes
flags		: fpu vme de pse tsc msr pae mce cx8 apic sep mtrr pge mca cmov pat pse36 clflush mmx fxsr sse sse2 ht syscall nx mmxext fxsr_opt pdpe1gb rdtscp lm 3dnowext 3dnow constant_tsc rep_good nopl nonstop_tsc extd_apicid aperfmperf pni monitor cx16 popcnt lahf_lm cmp_legacy svm extapic cr8_legacy abm sse4a misalignsse 3dnowprefetch osvw ibs skinit wdt arat hw_pstate npt lbrv svm_lock nrip_save pausefilter
bogomips	: 5191.00
TLB size	: 1536 4K pages
clflush size	: 64
cache_alignment	: 64
address sizes	: 40 bits physical, 48 bits virtual
power management: ts ttp tm stc 100mhzsteps hwpstate

processor	: 2
vendor_id	: AuthenticAMD
cpu family	: 18
model		: 1
model name	: AMD Athlon(tm) II X4 631 Quad-Core Processor
stepping	: 0
microcode	: 0x3000014
cpu MHz		: 800.000
cache size	: 1024 KB
physical id	: 0
siblings	: 4
core id		: 2
cpu cores	: 4
apicid		: 2
initial apicid	: 2
fpu		: yes
fpu_exception	: yes
cpuid level	: 6
wp		: yes
flags		: fpu vme de pse tsc msr pae mce cx8 apic sep mtrr pge mca cmov pat pse36 clflush mmx fxsr sse sse2 ht syscall nx mmxext fxsr_opt pdpe1gb rdtscp lm 3dnowext 3dnow constant_tsc rep_good nopl nonstop_tsc extd_apicid aperfmperf pni monitor cx16 popcnt lahf_lm cmp_legacy svm extapic cr8_legacy abm sse4a misalignsse 3dnowprefetch osvw ibs skinit wdt arat hw_pstate npt lbrv svm_lock nrip_save pausefilter
bogomips	: 5191.00
TLB size	: 1536 4K pages
clflush size	: 64
cache_alignment	: 64
address sizes	: 40 bits physical, 48 bits virtual
power management: ts ttp tm stc 100mhzsteps hwpstate

processor	: 3
vendor_id	: AuthenticAMD
cpu family	: 18
model		: 1
model name	: AMD Athlon(tm) II X4 631 Quad-Core Processor
stepping	: 0
microcode	: 0x3000014
cpu MHz		: 800.000
cache size	: 1024 KB
physical id	: 0
siblings	: 4
core id		: 3
cpu cores	: 4
apicid		: 3
initial apicid	: 3
fpu		: yes
fpu_exception	: yes
cpuid level	: 6
wp		: yes
flags		: fpu vme de pse tsc msr pae mce cx8 apic sep mtrr pge mca cmov pat pse36 clflush mmx fxsr sse sse2 ht syscall nx mmxext fxsr_opt pdpe1gb rdtscp lm 3dnowext 3dnow constant_tsc rep_good nopl nonstop_tsc extd_apicid aperfmperf pni monitor cx16 popcnt lahf_lm cmp_legacy svm extapic cr8_legacy abm sse4a misalignsse 3dnowprefetch osvw ibs skinit wdt arat hw_pstate npt lbrv svm_lock nrip_save pausefilter
bogomips	: 5191.00
TLB size	: 1536 4K pages
clflush size	: 64
cache_alignment	: 64
address sizes	: 40 bits physical, 48 bits virtual
power management: ts ttp tm stc 100mhzsteps hwpstate



Memory: 4k page, physical 8170868k(2749856k free), swap 8381436k(8381436k free)

vm_info: Java HotSpot(TM) 64-Bit Server VM (20.45-b01) for linux-amd64 JRE (1.6.0_45-b06), built on Mar 26 2013 14:07:02 by "java_re" with gcc 3.2.2 (SuSE Linux)

time: Mon Jul  7 11:55:30 2014
elapsed time: 0 seconds

